<?xml version="1.0" encoding="UTF-8"?>
<!-- Generated by org.testng.reporters.JUnitReportReporter -->
<testsuite hostname="MacBook-Air.local" failures="0" tests="4" name="practiceProject.frameworkDesign.SubmitOrder" time="98.431" errors="0" timestamp="2024-06-20T10:55:36 IST" skipped="0">
  <testcase classname="practiceProject.frameworkDesign.SubmitOrder" name="submitOrder" time="55.924"/>
  <testcase classname="practiceProject.frameworkDesign.SubmitOrder" name="submitOrder" time="29.771"/>
  <testcase classname="practiceProject.frameworkDesign.SubmitOrder" name="orderConfirmation" time="6.543"/>
  <testcase classname="practiceProject.frameworkDesign.SubmitOrder" name="orderConfirmation" time="6.193"/>
</testsuite> <!-- practiceProject.frameworkDesign.SubmitOrder -->
