<?xml version="1.0" encoding="UTF-8"?>
<!-- Generated by org.testng.reporters.JUnitReportReporter -->
<testsuite hostname="GDTPLs-MacBook-Pro-5.local" failures="0" tests="1" name="practiceProject.frameworkDesign.sAT" time="31.067" errors="0" timestamp="2024-06-10T21:16:38 IST" skipped="0">
  <testcase classname="practiceProject.frameworkDesign.sAT" name="submitOrder" time="31.067"/>
</testsuite> <!-- practiceProject.frameworkDesign.sAT -->
